<?xml version="1.0" encoding="UTF-8"?>
<testsuite xmlns:xsi="http://www.w3.org/2001/XMLSchema-instance" xsi:noNamespaceSchemaLocation="https://maven.apache.org/surefire/maven-surefire-plugin/xsd/surefire-test-report-3.0.xsd" version="3.0" name="io.github.brunoyillli.trianguloAvaliacao.TrianguloTest" time="0.174" tests="19" errors="0" skipped="0" failures="0">
  <properties>
    <property name="sun.desktop" value="windows"/>
    <property name="awt.toolkit" value="sun.awt.windows.WToolkit"/>
    <property name="java.specification.version" value="11"/>
    <property name="sun.cpu.isalist" value="amd64"/>
    <property name="sun.jnu.encoding" value="Cp1252"/>
    <property name="java.class.path" value="C:\Users\wolft\Documents\workspaces\utfpr-teste\trianguloAvaliacao\target\test-classes;C:\Users\wolft\Documents\workspaces\utfpr-teste\trianguloAvaliacao\target\classes;C:\Users\wolft\.m2\repository\org\junit\jupiter\junit-jupiter-api\5.8.1\junit-jupiter-api-5.8.1.jar;C:\Users\wolft\.m2\repository\org\opentest4j\opentest4j\1.2.0\opentest4j-1.2.0.jar;C:\Users\wolft\.m2\repository\org\junit\platform\junit-platform-commons\1.8.1\junit-platform-commons-1.8.1.jar;C:\Users\wolft\.m2\repository\org\apiguardian\apiguardian-api\1.1.2\apiguardian-api-1.1.2.jar;C:\Users\wolft\.m2\repository\org\mockito\mockito-core\5.3.1\mockito-core-5.3.1.jar;C:\Users\wolft\.m2\repository\net\bytebuddy\byte-buddy\1.14.4\byte-buddy-1.14.4.jar;C:\Users\wolft\.m2\repository\net\bytebuddy\byte-buddy-agent\1.14.4\byte-buddy-agent-1.14.4.jar;C:\Users\wolft\.m2\repository\org\objenesis\objenesis\3.3\objenesis-3.3.jar;"/>
    <property name="java.vm.vendor" value="Oracle Corporation"/>
    <property name="sun.arch.data.model" value="64"/>
    <property name="user.variant" value=""/>
    <property name="java.vendor.url" value="https://openjdk.java.net/"/>
    <property name="user.timezone" value="America/Sao_Paulo"/>
    <property name="java.vm.specification.version" value="11"/>
    <property name="os.name" value="Windows 10"/>
    <property name="sun.java.launcher" value="SUN_STANDARD"/>
    <property name="user.country" value="BR"/>
    <property name="sun.boot.library.path" value="C:\Program Files\Java\jdk-11.0.15\bin"/>
    <property name="sun.java.command" value="C:\Users\wolft\AppData\Local\Temp\surefire2797303473577871507\surefirebooter-20230702184347448_3.jar C:\Users\wolft\AppData\Local\Temp\surefire2797303473577871507 2023-07-02T18-43-46_967-jvmRun1 surefire-20230702184347448_1tmp surefire_0-20230702184347448_2tmp"/>
    <property name="jdk.debug" value="release"/>
    <property name="surefire.test.class.path" value="C:\Users\wolft\Documents\workspaces\utfpr-teste\trianguloAvaliacao\target\test-classes;C:\Users\wolft\Documents\workspaces\utfpr-teste\trianguloAvaliacao\target\classes;C:\Users\wolft\.m2\repository\org\junit\jupiter\junit-jupiter-api\5.8.1\junit-jupiter-api-5.8.1.jar;C:\Users\wolft\.m2\repository\org\opentest4j\opentest4j\1.2.0\opentest4j-1.2.0.jar;C:\Users\wolft\.m2\repository\org\junit\platform\junit-platform-commons\1.8.1\junit-platform-commons-1.8.1.jar;C:\Users\wolft\.m2\repository\org\apiguardian\apiguardian-api\1.1.2\apiguardian-api-1.1.2.jar;C:\Users\wolft\.m2\repository\org\mockito\mockito-core\5.3.1\mockito-core-5.3.1.jar;C:\Users\wolft\.m2\repository\net\bytebuddy\byte-buddy\1.14.4\byte-buddy-1.14.4.jar;C:\Users\wolft\.m2\repository\net\bytebuddy\byte-buddy-agent\1.14.4\byte-buddy-agent-1.14.4.jar;C:\Users\wolft\.m2\repository\org\objenesis\objenesis\3.3\objenesis-3.3.jar;"/>
    <property name="sun.cpu.endian" value="little"/>
    <property name="user.home" value="C:\Users\wolft"/>
    <property name="user.language" value="pt"/>
    <property name="java.specification.vendor" value="Oracle Corporation"/>
    <property name="java.version.date" value="2022-04-19"/>
    <property name="java.home" value="C:\Program Files\Java\jdk-11.0.15"/>
    <property name="file.separator" value="\"/>
    <property name="basedir" value="C:\Users\wolft\Documents\workspaces\utfpr-teste\trianguloAvaliacao"/>
    <property name="java.vm.compressedOopsMode" value="Zero based"/>
    <property name="line.separator" value="&#10;"/>
    <property name="java.specification.name" value="Java Platform API Specification"/>
    <property name="java.vm.specification.vendor" value="Oracle Corporation"/>
    <property name="java.awt.graphicsenv" value="sun.awt.Win32GraphicsEnvironment"/>
    <property name="surefire.real.class.path" value="C:\Users\wolft\AppData\Local\Temp\surefire2797303473577871507\surefirebooter-20230702184347448_3.jar"/>
    <property name="user.script" value=""/>
    <property name="sun.management.compiler" value="HotSpot 64-Bit Tiered Compilers"/>
    <property name="java.runtime.version" value="11.0.15+8-LTS-149"/>
    <property name="user.name" value="wolft"/>
    <property name="path.separator" value=";"/>
    <property name="os.version" value="10.0"/>
    <property name="java.runtime.name" value="Java(TM) SE Runtime Environment"/>
    <property name="file.encoding" value="Cp1252"/>
    <property name="java.vm.name" value="Java HotSpot(TM) 64-Bit Server VM"/>
    <property name="java.vendor.version" value="18.9"/>
    <property name="localRepository" value="C:\Users\wolft\.m2\repository"/>
    <property name="java.vendor.url.bug" value="https://bugreport.java.com/bugreport/"/>
    <property name="java.io.tmpdir" value="C:\Users\wolft\AppData\Local\Temp\"/>
    <property name="java.version" value="11.0.15"/>
    <property name="user.dir" value="C:\Users\wolft\Documents\workspaces\utfpr-teste\trianguloAvaliacao"/>
    <property name="os.arch" value="amd64"/>
    <property name="java.vm.specification.name" value="Java Virtual Machine Specification"/>
    <property name="java.awt.printerjob" value="sun.awt.windows.WPrinterJob"/>
    <property name="sun.os.patch.level" value=""/>
    <property name="java.library.path" value="C:\Program Files\Java\jdk-11.0.15\bin;C:\Windows\Sun\Java\bin;C:\Windows\system32;C:\Windows;C:\Users\wolft\bin;C:\Program Files\Git\mingw64\bin;C:\Program Files\Git\usr\local\bin;C:\Program Files\Git\usr\bin;C:\Program Files\Git\usr\bin;C:\Program Files\Git\mingw64\bin;C:\Program Files\Git\usr\bin;C:\Users\wolft\bin;C:\Users\wolft\Downloads\WINDOWS.X64_193000_db_home\bin;C:\app\wolft\product\21c\dbhomeXE\bin;C:\Python310\Scripts;C:\Python310;C:\Program Files\Common Files\Oracle\Java\javapath;C:\Program Files (x86)\Common Files\Oracle\Java\javapath;C:\Users\wolft\Downloads\WINDOWS.X64_193000_db_home\bin;C:\app\wolft\product\21c\dbhomeXE\bin;C:\Python310\Scripts;C:\Python310;C:\Program Files\Common Files\Oracle\Java\javapath;C:\Program Files (x86)\Common Files\Oracle\Java\javapath;C:\Users\wolft\Downloads\WINDOWS.X64_193000_db_home\bin;C:\app\wolft\product\21c\dbhomeXE\bin;C:\Python310\Scripts;C:\Python310;C:\Program Files\Common Files\Oracle\Java\javapath;C:\Program Files (x86)\Common Files\Oracle\Java\javapath;C:\Windows\System32;C:\Program Files\Java\jdk-11.0.15\bin;C:\Program Files\Git\cmd;C:\apache-maven-3.8.4\bin;C:\ProgramData\chocolatey\bin;C:\Users\wolft\AppData\Roaming\nvm;C:\Program Files\nodejs;C:\Program Files\dotnet;C:\Program Files (x86)\dotnet;C:\gradle-7.5.1\bin;C:\Program Files\Cloudflare\Cloudflare WARP;C:\Program Files\OpenSSL-Win64\bin;C:\Program Files\Java\jdk-11.0.15\bin;C:\Program Files\Git\cmd;C:\apache-maven-3.8.4\bin;C:\ProgramData\chocolatey\bin;C:\Users\wolft\AppData\Roaming\nvm;C:\Program Files\nodejs;C:\Program Files\dotnet;C:\Program Files (x86)\dotnet;C:\gradle-7.5.1\bin;C:\Program Files\Cloudflare\Cloudflare WARP;C:\Program Files\OpenSSL-Win64\bin;C:\Program Files\Java\jdk-11.0.15\bin;C:\Program Files\Git\cmd;C:\apache-maven-3.8.4\bin;C:\ProgramData\chocolatey\bin;C:\Users\wolft\AppData\Roaming\nvm;C:\Program Files\nodejs;C:\Program Files\dotnet;C:\Program Files (x86)\dotnet;C:\gradle-7.5.1\bin;C:\Program Files\Cloudflare\Cloudflare WARP;C:\Program Files\OpenSSL-Win64\bin;C:\Program Files\MySQL\MySQL Shell 8.0\bin;C:\Users\wolft\AppData\Local\Microsoft\WindowsApps;C:\apache-maven-3.8.4\bin;C:\Program Files\heroku\bin;C:\Users\wolft\AppData\Local\Programs\Microsoft VS Code\bin;C:\Users\wolft\AppData\Roaming\npm;C:\Users\wolft\AppData\Roaming\nvm;C:\Program Files\nodejs;C:\Users\wolft\AppData\Local\GitHubDesktop\bin;C:\Program Files\Git\usr\bin\vendor_perl;C:\Program Files\Git\usr\bin\core_perl;."/>
    <property name="java.vendor" value="Oracle Corporation"/>
    <property name="java.vm.info" value="mixed mode"/>
    <property name="java.vm.version" value="11.0.15+8-LTS-149"/>
    <property name="sun.io.unicode.encoding" value="UnicodeLittle"/>
    <property name="java.class.version" value="55.0"/>
  </properties>
  <testcase name="isTodosLadosIguaisZeroTest" classname="io.github.brunoyillli.trianguloAvaliacao.TrianguloTest" time="0.064"/>
  <testcase name="isTrianguloIsoscelesValidoTest" classname="io.github.brunoyillli.trianguloAvaliacao.TrianguloTest" time="0.002"/>
  <testcase name="isTrianguloIsoscelesPermutacoesTest" classname="io.github.brunoyillli.trianguloAvaliacao.TrianguloTest" time="0.001"/>
  <testcase name="isCMenorABSomaTest" classname="io.github.brunoyillli.trianguloAvaliacao.TrianguloTest" time="0.002"/>
  <testcase name="isDiferencaEntreAEBIgualCTest" classname="io.github.brunoyillli.trianguloAvaliacao.TrianguloTest" time="0.004"/>
  <testcase name="isSomaDoisLadosMenorQueTerceiroPermutacao1Test" classname="io.github.brunoyillli.trianguloAvaliacao.TrianguloTest" time="0.002"/>
  <testcase name="isSomaDoisLadosMenorQueTerceiroPermutacao2Test" classname="io.github.brunoyillli.trianguloAvaliacao.TrianguloTest" time="0.003"/>
  <testcase name="isSomaDoisLadosMenorQueTerceiroPermutacao3Test" classname="io.github.brunoyillli.trianguloAvaliacao.TrianguloTest" time="0.003"/>
  <testcase name="isAbsACMenorBTest" classname="io.github.brunoyillli.trianguloAvaliacao.TrianguloTest" time="0.002"/>
  <testcase name="isValorZeroTest" classname="io.github.brunoyillli.trianguloAvaliacao.TrianguloTest" time="0.003"/>
  <testcase name="isTrianguloEscalenoValidoTest" classname="io.github.brunoyillli.trianguloAvaliacao.TrianguloTest" time="0.002"/>
  <testcase name="isDiferencaEntreAECIgualBTest" classname="io.github.brunoyillli.trianguloAvaliacao.TrianguloTest" time="0.002"/>
  <testcase name="isValorNegativoTest" classname="io.github.brunoyillli.trianguloAvaliacao.TrianguloTest" time="0.003"/>
  <testcase name="isTrianguloEquilateroValidoTest" classname="io.github.brunoyillli.trianguloAvaliacao.TrianguloTest" time="0.001"/>
  <testcase name="isSomaDoisLadosIgualAoTerceiroPermutacao1Test" classname="io.github.brunoyillli.trianguloAvaliacao.TrianguloTest" time="0.004"/>
  <testcase name="isSomaDoisLadosIgualAoTerceiroPermutacao2Test" classname="io.github.brunoyillli.trianguloAvaliacao.TrianguloTest" time="0.002"/>
  <testcase name="isSomaDoisLadosIgualAoTerceiroPermutacao3Test" classname="io.github.brunoyillli.trianguloAvaliacao.TrianguloTest" time="0.002"/>
  <testcase name="isBMenorACSomaTest" classname="io.github.brunoyillli.trianguloAvaliacao.TrianguloTest" time="0.003"/>
  <testcase name="isAbsABMenorCTest" classname="io.github.brunoyillli.trianguloAvaliacao.TrianguloTest" time="0.002"/>
</testsuite>